This is pdfTeX, Version 3.14159265-2.6-1.40.21 (MiKTeX 2.9.7440 64-bit) (preloaded format=pdflatex 2020.6.10)  10 AUG 2020 22:00
entering extended mode
**"C:/Users/VaioPC/OneDrive - Universidad de Los Andes/Optimal-67N-DOCR-coordin
ation/IEEE-IAS/latex/IASpapevr3.tex"

("C:/Users/VaioPC/OneDrive - Universidad de Los Andes/Optimal-67N-DOCR-coordina
tion/IEEE-IAS/latex/IASpapevr3.tex"
LaTeX2e <2020-02-02> patch level 5
L3 programming layer <2020-05-15> (IEEEtran.cls
Document Class: IEEEtran 2007/03/05 V1.7a by Michael Shell
-- See the "IEEEtran_HOWTO" manual for usage information.
-- http://www.michaelshell.org/tex/ieeetran/
\@IEEEtrantmpdimenA=\dimen134
\@IEEEtrantmpdimenB=\dimen135
\@IEEEtrantmpcountA=\count167
\@IEEEtrantmpcountB=\count168
\@IEEEtrantmptoksA=\toks15
LaTeX Font Info:    Trying to load font information for OT1+ptm on input line 3
66.
("C:\Users\VaioPC\AppData\Local\Programs\MiKTeX 2.9\tex/latex/psnfss\ot1ptm.fd"
File: ot1ptm.fd 2001/06/04 font definitions for OT1/ptm.
)
-- Using 8.5in x 11in (letter) paper.
-- Using PDF output.
\@IEEEnormalsizeunitybaselineskip=\dimen136
-- This is a 10 point document.
\CLASSINFOnormalsizebaselineskip=\dimen137
\CLASSINFOnormalsizeunitybaselineskip=\dimen138
\IEEEnormaljot=\dimen139
LaTeX Font Info:    Font shape `OT1/ptm/bx/n' in size <5> not available
(Font)              Font shape `OT1/ptm/b/n' tried instead on input line 724.
LaTeX Font Info:    Font shape `OT1/ptm/bx/it' in size <5> not available
(Font)              Font shape `OT1/ptm/b/it' tried instead on input line 724.
LaTeX Font Info:    Font shape `OT1/ptm/bx/n' in size <7> not available
(Font)              Font shape `OT1/ptm/b/n' tried instead on input line 724.
LaTeX Font Info:    Font shape `OT1/ptm/bx/it' in size <7> not available
(Font)              Font shape `OT1/ptm/b/it' tried instead on input line 724.
LaTeX Font Info:    Font shape `OT1/ptm/bx/n' in size <8> not available
(Font)              Font shape `OT1/ptm/b/n' tried instead on input line 724.
LaTeX Font Info:    Font shape `OT1/ptm/bx/it' in size <8> not available
(Font)              Font shape `OT1/ptm/b/it' tried instead on input line 724.
LaTeX Font Info:    Font shape `OT1/ptm/bx/n' in size <9> not available
(Font)              Font shape `OT1/ptm/b/n' tried instead on input line 724.
LaTeX Font Info:    Font shape `OT1/ptm/bx/it' in size <9> not available
(Font)              Font shape `OT1/ptm/b/it' tried instead on input line 724.
LaTeX Font Info:    Font shape `OT1/ptm/bx/n' in size <10> not available
(Font)              Font shape `OT1/ptm/b/n' tried instead on input line 724.
LaTeX Font Info:    Font shape `OT1/ptm/bx/it' in size <10> not available
(Font)              Font shape `OT1/ptm/b/it' tried instead on input line 724.
LaTeX Font Info:    Font shape `OT1/ptm/bx/n' in size <11> not available
(Font)              Font shape `OT1/ptm/b/n' tried instead on input line 724.
LaTeX Font Info:    Font shape `OT1/ptm/bx/it' in size <11> not available
(Font)              Font shape `OT1/ptm/b/it' tried instead on input line 724.
LaTeX Font Info:    Font shape `OT1/ptm/bx/n' in size <12> not available
(Font)              Font shape `OT1/ptm/b/n' tried instead on input line 724.
LaTeX Font Info:    Font shape `OT1/ptm/bx/it' in size <12> not available
(Font)              Font shape `OT1/ptm/b/it' tried instead on input line 724.
LaTeX Font Info:    Font shape `OT1/ptm/bx/n' in size <17> not available
(Font)              Font shape `OT1/ptm/b/n' tried instead on input line 724.
LaTeX Font Info:    Font shape `OT1/ptm/bx/it' in size <17> not available
(Font)              Font shape `OT1/ptm/b/it' tried instead on input line 724.
LaTeX Font Info:    Font shape `OT1/ptm/bx/n' in size <20> not available
(Font)              Font shape `OT1/ptm/b/n' tried instead on input line 724.
LaTeX Font Info:    Font shape `OT1/ptm/bx/it' in size <20> not available
(Font)              Font shape `OT1/ptm/b/it' tried instead on input line 724.
LaTeX Font Info:    Font shape `OT1/ptm/bx/n' in size <24> not available
(Font)              Font shape `OT1/ptm/b/n' tried instead on input line 724.
LaTeX Font Info:    Font shape `OT1/ptm/bx/it' in size <24> not available
(Font)              Font shape `OT1/ptm/b/it' tried instead on input line 724.
\IEEEilabelindentA=\dimen140
\IEEEilabelindentB=\dimen141
\IEEEilabelindent=\dimen142
\IEEEelabelindent=\dimen143
\IEEEdlabelindent=\dimen144
\IEEElabelindent=\dimen145
\IEEEiednormlabelsep=\dimen146
\IEEEiedmathlabelsep=\dimen147
\IEEEiedtopsep=\skip47
\c@section=\count169
\c@subsection=\count170
\c@subsubsection=\count171
\c@paragraph=\count172
\c@IEEEsubequation=\count173
\abovecaptionskip=\skip48
\belowcaptionskip=\skip49
\c@figure=\count174
\c@table=\count175
\@IEEEeqnnumcols=\count176
\@IEEEeqncolcnt=\count177
\@IEEEtmpitemindent=\dimen148
\c@IEEEbiography=\count178
\@IEEEtranrubishbin=\box45
)
("C:\Users\VaioPC\AppData\Local\Programs\MiKTeX 2.9\tex/latex/graphics\graphicx
.sty"
Package: graphicx 2019/11/30 v1.2a Enhanced LaTeX Graphics (DPC,SPQR)

("C:\Users\VaioPC\AppData\Local\Programs\MiKTeX 2.9\tex/latex/graphics\keyval.s
ty"
Package: keyval 2014/10/28 v1.15 key=value parser (DPC)
\KV@toks@=\toks16
)
("C:\Users\VaioPC\AppData\Local\Programs\MiKTeX 2.9\tex/latex/graphics\graphics
.sty"
Package: graphics 2019/11/30 v1.4a Standard LaTeX Graphics (DPC,SPQR)

("C:\Users\VaioPC\AppData\Local\Programs\MiKTeX 2.9\tex/latex/graphics\trig.sty
"
Package: trig 2016/01/03 v1.10 sin cos tan (DPC)
)
("C:\Users\VaioPC\AppData\Local\Programs\MiKTeX 2.9\tex/latex/graphics-cfg\grap
hics.cfg"
File: graphics.cfg 2016/06/04 v1.11 sample graphics configuration
)
Package graphics Info: Driver file: pdftex.def on input line 105.

("C:\Users\VaioPC\AppData\Local\Programs\MiKTeX 2.9\tex/latex/graphics-def\pdft
ex.def"
File: pdftex.def 2018/01/08 v1.0l Graphics/color driver for pdftex
))
\Gin@req@height=\dimen149
\Gin@req@width=\dimen150
)
("C:\Users\VaioPC\AppData\Local\Programs\MiKTeX 2.9\tex/latex/amsmath\amsmath.s
ty"
Package: amsmath 2020/01/20 v2.17e AMS math features
\@mathmargin=\skip50

For additional information on amsmath, use the `?' option.

("C:\Users\VaioPC\AppData\Local\Programs\MiKTeX 2.9\tex/latex/amsmath\amstext.s
ty"
Package: amstext 2000/06/29 v2.01 AMS text

("C:\Users\VaioPC\AppData\Local\Programs\MiKTeX 2.9\tex/latex/amsmath\amsgen.st
y"
File: amsgen.sty 1999/11/30 v2.0 generic functions
\@emptytoks=\toks17
\ex@=\dimen151
))
("C:\Users\VaioPC\AppData\Local\Programs\MiKTeX 2.9\tex/latex/amsmath\amsbsy.st
y"
Package: amsbsy 1999/11/29 v1.2d Bold Symbols
\pmbraise@=\dimen152
)
("C:\Users\VaioPC\AppData\Local\Programs\MiKTeX 2.9\tex/latex/amsmath\amsopn.st
y"
Package: amsopn 2016/03/08 v2.02 operator names
)
\inf@bad=\count179
LaTeX Info: Redefining \frac on input line 227.
\uproot@=\count180
\leftroot@=\count181
LaTeX Info: Redefining \overline on input line 389.
\classnum@=\count182
\DOTSCASE@=\count183
LaTeX Info: Redefining \ldots on input line 486.
LaTeX Info: Redefining \dots on input line 489.
LaTeX Info: Redefining \cdots on input line 610.
\Mathstrutbox@=\box46
\strutbox@=\box47
\big@size=\dimen153
LaTeX Font Info:    Redeclaring font encoding OML on input line 733.
LaTeX Font Info:    Redeclaring font encoding OMS on input line 734.
\macc@depth=\count184
\c@MaxMatrixCols=\count185
\dotsspace@=\muskip16
\c@parentequation=\count186
\dspbrk@lvl=\count187
\tag@help=\toks18
\row@=\count188
\column@=\count189
\maxfields@=\count190
\andhelp@=\toks19
\eqnshift@=\dimen154
\alignsep@=\dimen155
\tagshift@=\dimen156
\tagwidth@=\dimen157
\totwidth@=\dimen158
\lineht@=\dimen159
\@envbody=\toks20
\multlinegap=\skip51
\multlinetaggap=\skip52
\mathdisplay@stack=\toks21
LaTeX Info: Redefining \[ on input line 2859.
LaTeX Info: Redefining \] on input line 2860.
)
("C:\Users\VaioPC\AppData\Local\Programs\MiKTeX 2.9\tex/latex/amsfonts\amssymb.
sty"
Package: amssymb 2013/01/14 v3.01 AMS font symbols

("C:\Users\VaioPC\AppData\Local\Programs\MiKTeX 2.9\tex/latex/amsfonts\amsfonts
.sty"
Package: amsfonts 2013/01/14 v3.01 Basic AMSFonts support
\symAMSa=\mathgroup4
\symAMSb=\mathgroup5
LaTeX Font Info:    Redeclaring math symbol \hbar on input line 98.
LaTeX Font Info:    Overwriting math alphabet `\mathfrak' in version `bold'
(Font)                  U/euf/m/n --> U/euf/b/n on input line 106.
))
("C:\Users\VaioPC\AppData\Local\Programs\MiKTeX 2.9\tex/latex/jknappen\mathrsfs
.sty"
Package: mathrsfs 1996/01/01 Math RSFS package v1.0 (jk)
\symrsfs=\mathgroup6
)
("C:\Users\VaioPC\AppData\Local\Programs\MiKTeX 2.9\tex/latex/tools\bm.sty"
Package: bm 2019/07/24 v1.2d Bold Symbol Support (DPC/FMi)
\symboldoperators=\mathgroup7
\symboldletters=\mathgroup8
\symboldsymbols=\mathgroup9
LaTeX Font Info:    Redeclaring math alphabet \mathbf on input line 141.
LaTeX Info: Redefining \bm on input line 209.
)
("C:\Users\VaioPC\AppData\Local\Programs\MiKTeX 2.9\tex/latex/doublestroke\dsfo
nt.sty"
Package: dsfont 1995/08/01 v0.1 Double stroke roman fonts
)
("C:\Users\VaioPC\AppData\Local\Programs\MiKTeX 2.9\tex/latex/subfigure\subfigu
re.sty"
Package: subfigure 2002/07/30 v2.1.4 subfigure package
\subfigtopskip=\skip53
\subfigcapskip=\skip54
\subfigcaptopadj=\dimen160
\subfigbottomskip=\skip55
\subfigcapmargin=\dimen161
\subfiglabelskip=\skip56
\c@subfigure=\count191
\c@lofdepth=\count192
\c@subtable=\count193
\c@lotdepth=\count194

****************************************
* Local config file subfigure.cfg used *
****************************************

("C:\Users\VaioPC\AppData\Local\Programs\MiKTeX 2.9\tex/latex/subfigure\subfigu
re.cfg")
\subfig@top=\skip57
\subfig@bottom=\skip58
)
("C:\Users\VaioPC\AppData\Local\Programs\MiKTeX 2.9\tex/latex/cite\cite.sty"
LaTeX Info: Redefining \cite on input line 302.
LaTeX Info: Redefining \nocite on input line 332.
Package: cite 2015/02/27  v 5.5
)
("C:\Users\VaioPC\AppData\Local\Programs\MiKTeX 2.9\tex/latex/natbib\bibentry.s
ty"
Package: bibentry 2007/10/30 1.5 (PWD)
)
("C:\Users\VaioPC\AppData\Local\Programs\MiKTeX 2.9\tex/latex/mathtools\mathtoo
ls.sty"
Package: mathtools 2020/03/24 v1.24 mathematical typesetting tools

("C:\Users\VaioPC\AppData\Local\Programs\MiKTeX 2.9\tex/latex/tools\calc.sty"
Package: calc 2017/05/25 v4.3 Infix arithmetic (KKT,FJ)
\calc@Acount=\count195
\calc@Bcount=\count196
\calc@Adimen=\dimen162
\calc@Bdimen=\dimen163
\calc@Askip=\skip59
\calc@Bskip=\skip60
LaTeX Info: Redefining \setlength on input line 80.
LaTeX Info: Redefining \addtolength on input line 81.
\calc@Ccount=\count197
\calc@Cskip=\skip61
)
("C:\Users\VaioPC\AppData\Local\Programs\MiKTeX 2.9\tex/latex/mathtools\mhsetup
.sty"
Package: mhsetup 2017/03/31 v1.3 programming setup (MH)
)
LaTeX Info: Thecontrolsequence`\('isalreadyrobust on input line 130.
LaTeX Info: Thecontrolsequence`\)'isalreadyrobust on input line 130.
LaTeX Info: Thecontrolsequence`\['isalreadyrobust on input line 130.
LaTeX Info: Thecontrolsequence`\]'isalreadyrobust on input line 130.
\g_MT_multlinerow_int=\count198
\l_MT_multwidth_dim=\dimen164
\origjot=\skip62
\l_MT_shortvdotswithinadjustabove_dim=\dimen165
\l_MT_shortvdotswithinadjustbelow_dim=\dimen166
\l_MT_above_intertext_sep=\dimen167
\l_MT_below_intertext_sep=\dimen168
\l_MT_above_shortintertext_sep=\dimen169
\l_MT_below_shortintertext_sep=\dimen170
\xmathstrut@box=\box48
\xmathstrut@dim=\dimen171
)
("C:\Users\VaioPC\AppData\Local\Programs\MiKTeX 2.9\tex/latex/sttools\cuted.sty
"
Package: cuted 2012/10/04 v1.5 Mixing onecolumn and twocolumn modes
\At@ViperColsBreak=\toks22
\v@aaa=\box49
\v@ccc=\box50
\lastskip@a=\skip63
\lastskip@b=\skip64
\lastskip@d=\skip65
\lastbox@a=\box51
\stripsep=\skip66
\@viper=\box52
\viper@penalty=\count199
\hold@viper=\box53
\ht@viper=\dimen172
)
("C:\Users\VaioPC\AppData\Local\Programs\MiKTeX 2.9\tex/latex/l3packages/xfrac\
xfrac.sty"
("C:\Users\VaioPC\AppData\Local\Programs\MiKTeX 2.9\tex/latex/l3kernel\expl3.st
y"
Package: expl3 2020-05-15 L3 programming layer (loader) 

(C:\Users\VaioPC\AppData\Roaming\MiKTeX\2.9\tex/latex/l3backend\l3backend-pdfmo
de.def
File: l3backend-pdfmode.def 2020-06-03 L3 backend support: PDF mode
\l__kernel_color_stack_int=\count266
\l__pdf_internal_box=\box54
))
("C:\Users\VaioPC\AppData\Local\Programs\MiKTeX 2.9\tex/latex/l3packages/l3keys
2e\l3keys2e.sty"
Package: l3keys2e 2020-05-15 LaTeX2e option processing using LaTeX3 keys
)
("C:\Users\VaioPC\AppData\Local\Programs\MiKTeX 2.9\tex/latex/base\textcomp.sty
"
Package: textcomp 2020/02/02 v2.0n Standard LaTeX package
)
("C:\Users\VaioPC\AppData\Local\Programs\MiKTeX 2.9\tex/latex/l3packages/xparse
\xparse.sty"
Package: xparse 2020-05-15 L3 Experimental document command parser

("C:\Users\VaioPC\AppData\Local\Programs\MiKTeX 2.9\tex/latex/l3packages/xparse
\xparse-generic.tex"
\l__xparse_current_arg_int=\count267
\g__xparse_grabber_int=\count268
\l__xparse_m_args_int=\count269
\l__xparse_v_nesting_int=\count270
))
("C:\Users\VaioPC\AppData\Local\Programs\MiKTeX 2.9\tex/latex/l3packages/xtempl
ate\xtemplate.sty"
Package: xtemplate 2020-05-15 L3 Experimental prototype document functions
\l__xtemplate_tmp_dim=\dimen173
\l__xtemplate_tmp_int=\count271
\l__xtemplate_tmp_muskip=\muskip17
\l__xtemplate_tmp_skip=\skip67
)
Package: xfrac 2020-05-15 L3 Experimental split-level fractions
\l__xfrac_slash_box=\box55
\l__xfrac_tmp_box=\box56
\l__xfrac_denominator_bot_sep_dim=\dimen174
\l__xfrac_numerator_bot_sep_dim=\dimen175
\l__xfrac_numerator_top_sep_dim=\dimen176
\l__xfrac_slash_left_sep_dim=\dimen177
\l__xfrac_slash_right_sep_dim=\dimen178
\l__xfrac_slash_left_muskip=\muskip18
\l__xfrac_slash_right_muskip=\muskip19

Package xtemplate Info: Declaring object type 'xfrac' taking 3 argument(s) on
(xtemplate)             line 80.

)
("C:\Users\VaioPC\AppData\Local\Programs\MiKTeX 2.9\tex/latex/multirow\multirow
.sty"
Package: multirow 2019/05/31 v2.5 Span multiple rows of a table
\multirow@colwidth=\skip68
\multirow@cntb=\count272
\multirow@dima=\skip69
\bigstrutjot=\dimen179
)
("C:\Users\VaioPC\AppData\Local\Programs\MiKTeX 2.9\tex/latex/arydshln\arydshln
.sty"
Package: arydshln 2019/02/21 v1.76 
\dashlinedash=\dimen180
\dashlinegap=\dimen181
\adl@box=\box57
\adl@height=\dimen182
\adl@heightsave=\dimen183
\adl@depth=\dimen184
\adl@depthsave=\dimen185
\adl@finaldepth=\dimen186
\adl@columns=\count273
\adl@ncol=\count274
\adl@currentcolumn=\count275
\adl@currentcolumnsave=\count276
\adl@totalheight=\count277
\adl@totalheightsave=\count278
\adl@dash=\count279
\adl@gap=\count280
\adl@cla=\count281
\adl@clb=\count282
\adl@everyvbox=\toks23
\adl@LTpagetotal=\dimen187
) (IASpapevr3.aux

LaTeX Warning: Label `figure5x' multiply defined.


LaTeX Warning: Label `figure6x' multiply defined.

)
\openout1 = `IASpapevr3.aux'.

LaTeX Font Info:    Checking defaults for OML/cmm/m/it on input line 43.
LaTeX Font Info:    ... okay on input line 43.
LaTeX Font Info:    Checking defaults for OMS/cmsy/m/n on input line 43.
LaTeX Font Info:    ... okay on input line 43.
LaTeX Font Info:    Checking defaults for OT1/cmr/m/n on input line 43.
LaTeX Font Info:    ... okay on input line 43.
LaTeX Font Info:    Checking defaults for T1/cmr/m/n on input line 43.
LaTeX Font Info:    ... okay on input line 43.
LaTeX Font Info:    Checking defaults for TS1/cmr/m/n on input line 43.
LaTeX Font Info:    ... okay on input line 43.
LaTeX Font Info:    Checking defaults for OMX/cmex/m/n on input line 43.
LaTeX Font Info:    ... okay on input line 43.
LaTeX Font Info:    Checking defaults for U/cmr/m/n on input line 43.
LaTeX Font Info:    ... okay on input line 43.

("C:\Users\VaioPC\AppData\Local\Programs\MiKTeX 2.9\tex/context/base/mkii\supp-
pdf.mkii"
[Loading MPS to PDF converter (version 2006.09.02).]
\scratchcounter=\count283
\scratchdimen=\dimen188
\scratchbox=\box58
\nofMPsegments=\count284
\nofMParguments=\count285
\everyMPshowfont=\toks24
\MPscratchCnt=\count286
\MPscratchDim=\dimen189
\MPnumerator=\count287
\makeMPintoPDFobject=\count288
\everyMPtoPDFconversion=\toks25
)
("C:\Users\VaioPC\AppData\Local\Programs\MiKTeX 2.9\tex/latex/epstopdf-pkg\epst
opdf-base.sty"
Package: epstopdf-base 2020-01-24 v2.11 Base part for package epstopdf
Package epstopdf-base Info: Redefining graphics rule for `.eps' on input line 4
85.
)
LaTeX Font Info:    Calculating math sizes for size <11> on input line 70.
LaTeX Font Info:    Trying to load font information for U+msa on input line 70.


("C:\Users\VaioPC\AppData\Local\Programs\MiKTeX 2.9\tex/latex/amsfonts\umsa.fd"
File: umsa.fd 2013/01/14 v3.01 AMS symbols A
)
LaTeX Font Info:    Trying to load font information for U+msb on input line 70.

 ("C:\Users\VaioPC\AppData\Local\Programs\MiKTeX 2.9\tex/latex/amsfonts\umsb.fd
"
File: umsb.fd 2013/01/14 v3.01 AMS symbols B
)
LaTeX Font Info:    Trying to load font information for U+rsfs on input line 70
.

("C:\Users\VaioPC\AppData\Local\Programs\MiKTeX 2.9\tex/latex/jknappen\ursfs.fd
"
File: ursfs.fd 1998/03/24 rsfs font definition file (jk)
)
** WARNING: \IEEEmembership is locked out when in conference mode (line 70).

Underfull \vbox (badness 3701) has occurred while \output is active []

 [1{C:/Users/VaioPC/AppData/Local/MiKTeX/2.9/pdftex/config/pdftex.map}


]
LaTeX Font Info:    Trying to load font information for U+dsrom on input line 2
12.

("C:\Users\VaioPC\AppData\Local\Programs\MiKTeX 2.9\tex/latex/doublestroke\udsr
om.fd"
File: Udsrom.fd 1995/08/01 v0.1 Double stroke roman font definitions
)
<images/main-backup.pdf, id=10, 280.04625pt x 187.70125pt>
File: images/main-backup.pdf Graphic file (type pdf)
<use images/main-backup.pdf>
Package pdftex.def Info: images/main-backup.pdf  used on input line 215.
(pdftex.def)             Requested size: 166.2212pt x 111.41296pt.
 [2 <./images/main-backup.pdf>]

LaTeX Warning: Reference `SCTtran' on page 3 undefined on input line 261.


LaTeX Warning: Reference `eles' on page 3 undefined on input line 261.

<images/figure1.pdf, id=62, 377.41pt x 321.2pt>
File: images/figure1.pdf Graphic file (type pdf)
<use images/figure1.pdf>
Package pdftex.def Info: images/figure1.pdf  used on input line 301.
(pdftex.def)             Requested size: 182.09746pt x 154.97313pt.
<images/figure2.pdf, id=63, 479.391pt x 316.78351pt>
File: images/figure2.pdf Graphic file (type pdf)
<use images/figure2.pdf>
Package pdftex.def Info: images/figure2.pdf  used on input line 307.
(pdftex.def)             Requested size: 341.43306pt x 225.62358pt.
[3]
LaTeX Font Info:    Trying to load font information for OT1+pcr on input line 3
23.

("C:\Users\VaioPC\AppData\Local\Programs\MiKTeX 2.9\tex/latex/psnfss\ot1pcr.fd"
File: ot1pcr.fd 2001/06/04 font definitions for OT1/pcr.
)
<images/figure3.pdf, id=73, 201.75375pt x 312.16624pt>
File: images/figure3.pdf Graphic file (type pdf)
<use images/figure3.pdf>
Package pdftex.def Info: images/figure3.pdf  used on input line 330.
(pdftex.def)             Requested size: 85.35826pt x 132.0711pt.

Overfull \hbox (5.20303pt too wide) in paragraph at lines 339--345
 [][] 
 []


Underfull \hbox (badness 10000) in paragraph at lines 371--372
\OT1/ptm/m/n/10 https://github.com/pmdeoliveiradejesus/Optimal-67N-DOCR-
 []

LaTeX Font Info:    Trying to load font information for OMS+ptm on input line 3
75.
("C:\Users\VaioPC\AppData\Local\Programs\MiKTeX 2.9\tex/latex/psnfss\omsptm.fd"
File: omsptm.fd 
)
LaTeX Font Info:    Font shape `OMS/ptm/m/n' in size <10> not available
(Font)              Font shape `OMS/cmsy/m/n' tried instead on input line 375.


LaTeX Warning: `!h' float specifier changed to `!ht'.

[4 <./images/figure1.pdf>]
Underfull \vbox (badness 10000) has occurred while \output is active []


Underfull \vbox (badness 10000) has occurred while \output is active []

 [5 <./images/figure2.pdf>]
Overfull \hbox (9.49219pt too wide) in alignment at lines 452--475
 [][][] []
 []


Overfull \hbox (8.15637pt too wide) in alignment at lines 493--512
 [][][] []
 []


Underfull \hbox (badness 1902) in paragraph at lines 515--521
[]\OT1/ptm/m/n/10 The orig-i-nal co-or-di-na-tion ma-trix is di-men-sion 12 $\O
MS/cmsy/m/n/10 $
 []

<images/val1.png, id=247, 334.24875pt x 201.00093pt>
File: images/val1.png Graphic file (type png)
<use images/val1.png>
Package pdftex.def Info: images/val1.png  used on input line 529.
(pdftex.def)             Requested size: 199.16928pt x 119.77338pt.

Overfull \hbox (8.15637pt too wide) in alignment at lines 545--564
 [][][] []
 []

[6 <./images/figure3.pdf> <./images/val1.png>]
<images/val2.png, id=306, 321.45094pt x 230.36063pt>
File: images/val2.png Graphic file (type png)
<use images/val2.png>
Package pdftex.def Info: images/val2.png  used on input line 583.
(pdftex.def)             Requested size: 199.16928pt x 142.73422pt.
<images/OF.png, id=307, 542.025pt x 261.22594pt>
File: images/OF.png Graphic file (type png)
<use images/OF.png>
Package pdftex.def Info: images/OF.png  used on input line 593.
(pdftex.def)             Requested size: 256.0748pt x 123.41794pt.
<images/TDS.png, id=308, 618.05907pt x 346.29375pt>
File: images/TDS.png Graphic file (type png)
<use images/TDS.png>
Package pdftex.def Info: images/TDS.png  used on input line 599.
(pdftex.def)             Requested size: 256.0748pt x 143.48201pt.
 [7 <./images/val2.png> <./images/OF.png> <./images/TDS.png>] (IASpapevr3.bbl)

** Conference Paper **
Before submitting the final camera ready copy, remember to:

 1. Manually equalize the lengths of two columns on the last page
 of your paper;

 2. Ensure that any PostScript and/or PDF output post-processing
 uses only Type 1 fonts and that every step in the generation
 process uses the appropriate paper size.

[8

] (IASpapevr3.aux)

LaTeX Warning: There were undefined references.


LaTeX Warning: There were multiply-defined labels.

 ) 
Here is how much of TeX's memory you used:
 5233 strings out of 482608
 91873 string characters out of 2941930
 356171 words of memory out of 3000000
 20897 multiletter control sequences out of 15000+200000
 581895 words of font info for 140 fonts, out of 3000000 for 9000
 19 hyphenation exceptions out of 8191
 36i,13n,45p,985b,307s stack positions out of 5000i,500n,10000p,200000b,50000s
{C:/Users/VaioPC/AppData/Local/Programs/MiKTeX 2.9/fonts/enc/dvips/base/8r.en
c}<C:/Users/VaioPC/AppData/Local/Programs/MiKTeX 2.9/fonts/type1/public/amsfont
s/cm/cmbx10.pfb><C:/Users/VaioPC/AppData/Local/Programs/MiKTeX 2.9/fonts/type1/
public/amsfonts/cm/cmbx5.pfb><C:/Users/VaioPC/AppData/Local/Programs/MiKTeX 2.9
/fonts/type1/public/amsfonts/cm/cmbx7.pfb><C:/Users/VaioPC/AppData/Local/Progra
ms/MiKTeX 2.9/fonts/type1/public/amsfonts/cm/cmex10.pfb><C:/Users/VaioPC/AppDat
a/Local/Programs/MiKTeX 2.9/fonts/type1/public/amsfonts/cmextra/cmex7.pfb><C:/U
sers/VaioPC/AppData/Local/Programs/MiKTeX 2.9/fonts/type1/public/amsfonts/cm/cm
mi10.pfb><C:/Users/VaioPC/AppData/Local/Programs/MiKTeX 2.9/fonts/type1/public/
amsfonts/cm/cmmi5.pfb><C:/Users/VaioPC/AppData/Local/Programs/MiKTeX 2.9/fonts/
type1/public/amsfonts/cm/cmmi6.pfb><C:/Users/VaioPC/AppData/Local/Programs/MiKT
eX 2.9/fonts/type1/public/amsfonts/cm/cmmi7.pfb><C:/Users/VaioPC/AppData/Local/
Programs/MiKTeX 2.9/fonts/type1/public/amsfonts/cm/cmmi8.pfb><C:/Users/VaioPC/A
ppData/Local/Programs/MiKTeX 2.9/fonts/type1/public/amsfonts/cm/cmmib10.pfb><C:
/Users/VaioPC/AppData/Local/Programs/MiKTeX 2.9/fonts/type1/public/amsfonts/cm/
cmr10.pfb><C:/Users/VaioPC/AppData/Local/Programs/MiKTeX 2.9/fonts/type1/public
/amsfonts/cm/cmr5.pfb><C:/Users/VaioPC/AppData/Local/Programs/MiKTeX 2.9/fonts/
type1/public/amsfonts/cm/cmr7.pfb><C:/Users/VaioPC/AppData/Local/Programs/MiKTe
X 2.9/fonts/type1/public/amsfonts/cm/cmr8.pfb><C:/Users/VaioPC/AppData/Local/Pr
ograms/MiKTeX 2.9/fonts/type1/public/amsfonts/cm/cmsy10.pfb><C:/Users/VaioPC/Ap
pData/Local/Programs/MiKTeX 2.9/fonts/type1/public/amsfonts/cm/cmsy5.pfb><C:/Us
ers/VaioPC/AppData/Local/Programs/MiKTeX 2.9/fonts/type1/public/amsfonts/cm/cms
y7.pfb><C:/Users/VaioPC/AppData/Local/Programs/MiKTeX 2.9/fonts/type1/public/do
ublestroke/dsrom10.pfb><C:/Users/VaioPC/AppData/Local/Programs/MiKTeX 2.9/fonts
/type1/urw/courier/ucrr8a.pfb><C:/Users/VaioPC/AppData/Local/Programs/MiKTeX 2.
9/fonts/type1/urw/times/utmb8a.pfb><C:/Users/VaioPC/AppData/Local/Programs/MiKT
eX 2.9/fonts/type1/urw/times/utmbi8a.pfb><C:/Users/VaioPC/AppData/Local/Program
s/MiKTeX 2.9/fonts/type1/urw/times/utmr8a.pfb><C:/Users/VaioPC/AppData/Local/Pr
ograms/MiKTeX 2.9/fonts/type1/urw/times/utmri8a.pfb>
Output written on IASpapevr3.pdf (8 pages, 806638 bytes).
PDF statistics:
 394 PDF objects out of 1000 (max. 8388607)
 0 named destinations out of 1000 (max. 500000)
 41 words of extra memory for PDF output out of 10000 (max. 10000000)

